<?xml version="1.0" encoding="UTF-8"?>
<testng-results skipped="0" failed="1" total="1" passed="0">
  <reporter-output>
    <line>
      <![CDATA[Test Failed: Profile Registration not done expected [true] but found [false]
<a href='C:\Projects\Eclipse\HomeTest\MapSyncTest\mapsync\test-output\test-reports\failure_screenshots\AssertFailure__09_09_2019_12_58_32.png'> <img src='C:\Projects\Eclipse\HomeTest\MapSyncTest\mapsync\test-output\test-reports\failure_screenshots\AssertFailure__09_09_2019_12_58_32.png' height='100' width='100'/> <br></br></a>
]]>
    </line>
    <line>
      <![CDATA[
test Failed at: com.qi.mapsync.tests.AU005_RegistrationValidation
<a href='C:\Projects\Eclipse\HomeTest\MapSyncTest\mapsync\test-output\test-reports\failure_screenshots\testRegistration_09_09_2019_12_58_32.png'> <img src='C:\Projects\Eclipse\HomeTest\MapSyncTest\mapsync\test-output\test-reports\failure_screenshots\testRegistration_09_09_2019_12_58_32.png' height='100' width='100'/> </a>]]>
    </line>
  </reporter-output>
  <suite name="Default suite" duration-ms="28849" started-at="2019-09-08T19:28:04Z" finished-at="2019-09-08T19:28:33Z">
    <groups>
    </groups>
    <test name="Default test" duration-ms="28849" started-at="2019-09-08T19:28:04Z" finished-at="2019-09-08T19:28:33Z">
      <class name="com.qi.mapsync.tests.AU005_RegistrationValidation">
        <test-method status="PASS" signature="initialize(java.lang.String)[pri:0, instance:com.qi.mapsync.tests.AU005_RegistrationValidation@29ee9faa]" name="initialize" is-config="true" duration-ms="6429" started-at="2019-09-09T00:58:04Z" finished-at="2019-09-09T00:58:11Z">
          <params>
            <param index="0">
              <value is-null="true"/>
            </param>
          </params>
          <reporter-output>
          </reporter-output>
        </test-method> <!-- initialize -->
        <test-method status="FAIL" signature="testRegistration()[pri:0, instance:com.qi.mapsync.tests.AU005_RegistrationValidation@29ee9faa]" name="testRegistration" duration-ms="21419" started-at="2019-09-09T00:58:11Z" finished-at="2019-09-09T00:58:32Z">
          <exception class="java.lang.AssertionError">
            <message>
              <![CDATA[Profile Registration not done expected [true] but found [false]]]>
            </message>
            <full-stacktrace>
              <![CDATA[java.lang.AssertionError: Profile Registration not done expected [true] but found [false]
	at org.testng.Assert.fail(Assert.java:94)
	at org.testng.Assert.failNotEquals(Assert.java:496)
	at org.testng.Assert.assertTrue(Assert.java:42)
	at org.testng.asserts.Assertion$1.doAssert(Assertion.java:112)
	at org.testng.asserts.Assertion.executeAssert(Assertion.java:30)
	at org.testng.asserts.Assertion.doAssert(Assertion.java:15)
	at org.testng.asserts.Assertion.assertTrue(Assertion.java:109)
	at com.qi.mapsync.tests.AU005_RegistrationValidation.testRegistration(AU005_RegistrationValidation.java:63)
	at sun.reflect.NativeMethodAccessorImpl.invoke0(Native Method)
	at sun.reflect.NativeMethodAccessorImpl.invoke(NativeMethodAccessorImpl.java:62)
	at sun.reflect.DelegatingMethodAccessorImpl.invoke(DelegatingMethodAccessorImpl.java:43)
	at java.lang.reflect.Method.invoke(Method.java:498)
	at org.testng.internal.MethodInvocationHelper.invokeMethod(MethodInvocationHelper.java:85)
	at org.testng.internal.Invoker.invokeMethod(Invoker.java:639)
	at org.testng.internal.Invoker.invokeTestMethod(Invoker.java:821)
	at org.testng.internal.Invoker.invokeTestMethods(Invoker.java:1131)
	at org.testng.internal.TestMethodWorker.invokeTestMethods(TestMethodWorker.java:124)
	at org.testng.internal.TestMethodWorker.run(TestMethodWorker.java:108)
	at org.testng.TestRunner.privateRun(TestRunner.java:773)
	at org.testng.TestRunner.run(TestRunner.java:623)
	at org.testng.SuiteRunner.runTest(SuiteRunner.java:357)
	at org.testng.SuiteRunner.runSequentially(SuiteRunner.java:352)
	at org.testng.SuiteRunner.privateRun(SuiteRunner.java:310)
	at org.testng.SuiteRunner.run(SuiteRunner.java:259)
	at org.testng.SuiteRunnerWorker.runSuite(SuiteRunnerWorker.java:52)
	at org.testng.SuiteRunnerWorker.run(SuiteRunnerWorker.java:86)
	at org.testng.TestNG.runSuitesSequentially(TestNG.java:1185)
	at org.testng.TestNG.runSuitesLocally(TestNG.java:1110)
	at org.testng.TestNG.run(TestNG.java:1018)
	at org.testng.remote.AbstractRemoteTestNG.run(AbstractRemoteTestNG.java:132)
	at org.testng.remote.RemoteTestNG.initAndRun(RemoteTestNG.java:236)
	at org.testng.remote.RemoteTestNG.main(RemoteTestNG.java:81)
]]>
            </full-stacktrace>
          </exception> <!-- java.lang.AssertionError -->
          <reporter-output>
            <line>
              <![CDATA[Test Failed: Profile Registration not done expected [true] but found [false]
<a href='C:\Projects\Eclipse\HomeTest\MapSyncTest\mapsync\test-output\test-reports\failure_screenshots\AssertFailure__09_09_2019_12_58_32.png'> <img src='C:\Projects\Eclipse\HomeTest\MapSyncTest\mapsync\test-output\test-reports\failure_screenshots\AssertFailure__09_09_2019_12_58_32.png' height='100' width='100'/> <br></br></a>
]]>
            </line>
            <line>
              <![CDATA[
test Failed at: com.qi.mapsync.tests.AU005_RegistrationValidation
<a href='C:\Projects\Eclipse\HomeTest\MapSyncTest\mapsync\test-output\test-reports\failure_screenshots\testRegistration_09_09_2019_12_58_32.png'> <img src='C:\Projects\Eclipse\HomeTest\MapSyncTest\mapsync\test-output\test-reports\failure_screenshots\testRegistration_09_09_2019_12_58_32.png' height='100' width='100'/> </a>]]>
            </line>
          </reporter-output>
        </test-method> <!-- testRegistration -->
        <test-method status="PASS" signature="TeardownTest()[pri:0, instance:com.qi.mapsync.tests.AU005_RegistrationValidation@29ee9faa]" name="TeardownTest" is-config="true" duration-ms="713" started-at="2019-09-09T00:58:32Z" finished-at="2019-09-09T00:58:33Z">
          <reporter-output>
          </reporter-output>
        </test-method> <!-- TeardownTest -->
      </class> <!-- com.qi.mapsync.tests.AU005_RegistrationValidation -->
    </test> <!-- Default test -->
  </suite> <!-- Default suite -->
</testng-results>
